<?xml version="1.0" encoding="UTF-8"?>
<!-- Generated by org.testng.reporters.JUnitXMLReporter -->
<testsuite hostname="CSMBHUD347" ignored="0" name="ScenarioTesting" tests="6" failures="0" timestamp="2021-12-09T12:57:57 IST" time="10.109" errors="0">
  <testcase name="@BeforeClass Startup" time="7.454" classname="com.PG.objectRepository.BaseClass">
    <failure type="org.openqa.selenium.SessionNotCreatedException" message="session not created: This version of ChromeDriver only supports Chrome version 92
Current browser version is 96.0.4664.93 with binary path C:\Program Files (x86)\Google\Chrome\Application\chrome.exe
Build info: version: &amp;apos;3.141.59&amp;apos;, revision: &amp;apos;e82be7d358&amp;apos;, time: &amp;apos;2018-11-14T08:17:03&amp;apos;
System info: host: &amp;apos;CSMBHUD347&amp;apos;, ip: &amp;apos;192.168.203.163&amp;apos;, os.name: &amp;apos;Windows 10&amp;apos;, os.arch: &amp;apos;amd64&amp;apos;, os.version: &amp;apos;10.0&amp;apos;, java.version: &amp;apos;1.8.0_181&amp;apos;
Driver info: driver.version: ChromeDriver
remote stacktrace: Backtrace:
	Ordinal0 [0x006E5843+2512963]
	Ordinal0 [0x0067EED1+2092753]
	Ordinal0 [0x00581F48+1056584]
	Ordinal0 [0x005A01AA+1180074]
	Ordinal0 [0x0059C0C5+1163461]
	Ordinal0 [0x0059990F+1153295]
	Ordinal0 [0x005C994F+1349967]
	Ordinal0 [0x005C95BA+1349050]
	Ordinal0 [0x005C54BB+1332411]
	Ordinal0 [0x005A1D14+1187092]
	Ordinal0 [0x005A2B79+1190777]
	GetHandleVerifier [0x00860C56+1501718]
	GetHandleVerifier [0x0090E97F+2213695]
	GetHandleVerifier [0x00768C92+485970]
	GetHandleVerifier [0x00767D59+482073]
	Ordinal0 [0x0068471D+2115357]
	Ordinal0 [0x00688678+2131576]
	Ordinal0 [0x006887B2+2131890]
	Ordinal0 [0x00691971+2169201]
	BaseThreadInitThunk [0x75D8FA29+25]
	RtlGetAppContainerNamedObjectPath [0x776E7A9E+286]
	RtlGetAppContainerNamedObjectPath [0x776E7A6E+238]
">
      <![CDATA[org.openqa.selenium.SessionNotCreatedException: session not created: This version of ChromeDriver only supports Chrome version 92
Current browser version is 96.0.4664.93 with binary path C:\Program Files (x86)\Google\Chrome\Application\chrome.exe
Build info: version: '3.141.59', revision: 'e82be7d358', time: '2018-11-14T08:17:03'
System info: host: 'CSMBHUD347', ip: '192.168.203.163', os.name: 'Windows 10', os.arch: 'amd64', os.version: '10.0', java.version: '1.8.0_181'
Driver info: driver.version: ChromeDriver
remote stacktrace: Backtrace:
Ordinal0 [0x006E5843+2512963]
Ordinal0 [0x0067EED1+2092753]
Ordinal0 [0x00581F48+1056584]
Ordinal0 [0x005A01AA+1180074]
Ordinal0 [0x0059C0C5+1163461]
Ordinal0 [0x0059990F+1153295]
Ordinal0 [0x005C994F+1349967]
Ordinal0 [0x005C95BA+1349050]
Ordinal0 [0x005C54BB+1332411]
Ordinal0 [0x005A1D14+1187092]
Ordinal0 [0x005A2B79+1190777]
GetHandleVerifier [0x00860C56+1501718]
GetHandleVerifier [0x0090E97F+2213695]
GetHandleVerifier [0x00768C92+485970]
GetHandleVerifier [0x00767D59+482073]
Ordinal0 [0x0068471D+2115357]
Ordinal0 [0x00688678+2131576]
Ordinal0 [0x006887B2+2131890]
Ordinal0 [0x00691971+2169201]
BaseThreadInitThunk [0x75D8FA29+25]
RtlGetAppContainerNamedObjectPath [0x776E7A9E+286]
RtlGetAppContainerNamedObjectPath [0x776E7A6E+238]

at org.openqa.selenium.remote.W3CHandshakeResponse.lambda$errorHandler$0(W3CHandshakeResponse.java:62)
at org.openqa.selenium.remote.HandshakeResponse.lambda$getResponseFunction$0(HandshakeResponse.java:30)
at org.openqa.selenium.remote.ProtocolHandshake.lambda$createSession$0(ProtocolHandshake.java:126)
at java.util.stream.ReferencePipeline$3$1.accept(ReferencePipeline.java:193)
at java.util.Spliterators$ArraySpliterator.tryAdvance(Spliterators.java:958)
at java.util.stream.ReferencePipeline.forEachWithCancel(ReferencePipeline.java:126)
at java.util.stream.AbstractPipeline.copyIntoWithCancel(AbstractPipeline.java:498)
at java.util.stream.AbstractPipeline.copyInto(AbstractPipeline.java:485)
at java.util.stream.AbstractPipeline.wrapAndCopyInto(AbstractPipeline.java:471)
at java.util.stream.FindOps$FindOp.evaluateSequential(FindOps.java:152)
at java.util.stream.AbstractPipeline.evaluate(AbstractPipeline.java:234)
at java.util.stream.ReferencePipeline.findFirst(ReferencePipeline.java:464)
at org.openqa.selenium.remote.ProtocolHandshake.createSession(ProtocolHandshake.java:128)
at org.openqa.selenium.remote.ProtocolHandshake.createSession(ProtocolHandshake.java:74)
at org.openqa.selenium.remote.HttpCommandExecutor.execute(HttpCommandExecutor.java:136)
at org.openqa.selenium.remote.service.DriverCommandExecutor.execute(DriverCommandExecutor.java:83)
at org.openqa.selenium.remote.RemoteWebDriver.execute(RemoteWebDriver.java:552)
at org.openqa.selenium.remote.RemoteWebDriver.startSession(RemoteWebDriver.java:213)
at org.openqa.selenium.remote.RemoteWebDriver.<init>(RemoteWebDriver.java:131)
at org.openqa.selenium.chrome.ChromeDriver.<init>(ChromeDriver.java:181)
at org.openqa.selenium.chrome.ChromeDriver.<init>(ChromeDriver.java:168)
at org.openqa.selenium.chrome.ChromeDriver.<init>(ChromeDriver.java:123)
at com.PG.browser.BrowserFactoryNew.StartApplication(BrowserFactoryNew.java:36)
at com.PG.objectRepository.BaseClass.Startup(BaseClass.java:15)
at java.util.ArrayList.forEach(ArrayList.java:1257)
... Removed 29 stack frames]]>
    </failure>
  </testcase> <!-- @BeforeClass Startup -->
  <testcase name="@AfterClass QuitBrowser" time="-1.639034875594E9" classname="com.PG.objectRepository.BaseClass">
    <skipped/>
  </testcase> <!-- @AfterClass QuitBrowser -->
  <testcase name="@BeforeClass Startup" time="1.759" classname="com.PG.objectRepository.BaseClass">
    <failure type="org.openqa.selenium.SessionNotCreatedException" message="session not created: This version of ChromeDriver only supports Chrome version 92
Current browser version is 96.0.4664.93 with binary path C:\Program Files (x86)\Google\Chrome\Application\chrome.exe
Build info: version: &amp;apos;3.141.59&amp;apos;, revision: &amp;apos;e82be7d358&amp;apos;, time: &amp;apos;2018-11-14T08:17:03&amp;apos;
System info: host: &amp;apos;CSMBHUD347&amp;apos;, ip: &amp;apos;192.168.203.163&amp;apos;, os.name: &amp;apos;Windows 10&amp;apos;, os.arch: &amp;apos;amd64&amp;apos;, os.version: &amp;apos;10.0&amp;apos;, java.version: &amp;apos;1.8.0_181&amp;apos;
Driver info: driver.version: ChromeDriver
remote stacktrace: Backtrace:
	Ordinal0 [0x006E5843+2512963]
	Ordinal0 [0x0067EED1+2092753]
	Ordinal0 [0x00581F48+1056584]
	Ordinal0 [0x005A01AA+1180074]
	Ordinal0 [0x0059C0C5+1163461]
	Ordinal0 [0x0059990F+1153295]
	Ordinal0 [0x005C994F+1349967]
	Ordinal0 [0x005C95BA+1349050]
	Ordinal0 [0x005C54BB+1332411]
	Ordinal0 [0x005A1D14+1187092]
	Ordinal0 [0x005A2B79+1190777]
	GetHandleVerifier [0x00860C56+1501718]
	GetHandleVerifier [0x0090E97F+2213695]
	GetHandleVerifier [0x00768C92+485970]
	GetHandleVerifier [0x00767D59+482073]
	Ordinal0 [0x0068471D+2115357]
	Ordinal0 [0x00688678+2131576]
	Ordinal0 [0x006887B2+2131890]
	Ordinal0 [0x00691971+2169201]
	BaseThreadInitThunk [0x75D8FA29+25]
	RtlGetAppContainerNamedObjectPath [0x776E7A9E+286]
	RtlGetAppContainerNamedObjectPath [0x776E7A6E+238]
">
      <![CDATA[org.openqa.selenium.SessionNotCreatedException: session not created: This version of ChromeDriver only supports Chrome version 92
Current browser version is 96.0.4664.93 with binary path C:\Program Files (x86)\Google\Chrome\Application\chrome.exe
Build info: version: '3.141.59', revision: 'e82be7d358', time: '2018-11-14T08:17:03'
System info: host: 'CSMBHUD347', ip: '192.168.203.163', os.name: 'Windows 10', os.arch: 'amd64', os.version: '10.0', java.version: '1.8.0_181'
Driver info: driver.version: ChromeDriver
remote stacktrace: Backtrace:
Ordinal0 [0x006E5843+2512963]
Ordinal0 [0x0067EED1+2092753]
Ordinal0 [0x00581F48+1056584]
Ordinal0 [0x005A01AA+1180074]
Ordinal0 [0x0059C0C5+1163461]
Ordinal0 [0x0059990F+1153295]
Ordinal0 [0x005C994F+1349967]
Ordinal0 [0x005C95BA+1349050]
Ordinal0 [0x005C54BB+1332411]
Ordinal0 [0x005A1D14+1187092]
Ordinal0 [0x005A2B79+1190777]
GetHandleVerifier [0x00860C56+1501718]
GetHandleVerifier [0x0090E97F+2213695]
GetHandleVerifier [0x00768C92+485970]
GetHandleVerifier [0x00767D59+482073]
Ordinal0 [0x0068471D+2115357]
Ordinal0 [0x00688678+2131576]
Ordinal0 [0x006887B2+2131890]
Ordinal0 [0x00691971+2169201]
BaseThreadInitThunk [0x75D8FA29+25]
RtlGetAppContainerNamedObjectPath [0x776E7A9E+286]
RtlGetAppContainerNamedObjectPath [0x776E7A6E+238]

at org.openqa.selenium.remote.W3CHandshakeResponse.lambda$errorHandler$0(W3CHandshakeResponse.java:62)
at org.openqa.selenium.remote.HandshakeResponse.lambda$getResponseFunction$0(HandshakeResponse.java:30)
at org.openqa.selenium.remote.ProtocolHandshake.lambda$createSession$0(ProtocolHandshake.java:126)
at java.util.stream.ReferencePipeline$3$1.accept(ReferencePipeline.java:193)
at java.util.Spliterators$ArraySpliterator.tryAdvance(Spliterators.java:958)
at java.util.stream.ReferencePipeline.forEachWithCancel(ReferencePipeline.java:126)
at java.util.stream.AbstractPipeline.copyIntoWithCancel(AbstractPipeline.java:498)
at java.util.stream.AbstractPipeline.copyInto(AbstractPipeline.java:485)
at java.util.stream.AbstractPipeline.wrapAndCopyInto(AbstractPipeline.java:471)
at java.util.stream.FindOps$FindOp.evaluateSequential(FindOps.java:152)
at java.util.stream.AbstractPipeline.evaluate(AbstractPipeline.java:234)
at java.util.stream.ReferencePipeline.findFirst(ReferencePipeline.java:464)
at org.openqa.selenium.remote.ProtocolHandshake.createSession(ProtocolHandshake.java:128)
at org.openqa.selenium.remote.ProtocolHandshake.createSession(ProtocolHandshake.java:74)
at org.openqa.selenium.remote.HttpCommandExecutor.execute(HttpCommandExecutor.java:136)
at org.openqa.selenium.remote.service.DriverCommandExecutor.execute(DriverCommandExecutor.java:83)
at org.openqa.selenium.remote.RemoteWebDriver.execute(RemoteWebDriver.java:552)
at org.openqa.selenium.remote.RemoteWebDriver.startSession(RemoteWebDriver.java:213)
at org.openqa.selenium.remote.RemoteWebDriver.<init>(RemoteWebDriver.java:131)
at org.openqa.selenium.chrome.ChromeDriver.<init>(ChromeDriver.java:181)
at org.openqa.selenium.chrome.ChromeDriver.<init>(ChromeDriver.java:168)
at org.openqa.selenium.chrome.ChromeDriver.<init>(ChromeDriver.java:123)
at com.PG.browser.BrowserFactoryNew.StartApplication(BrowserFactoryNew.java:36)
at com.PG.objectRepository.BaseClass.Startup(BaseClass.java:15)
at java.util.ArrayList.forEach(ArrayList.java:1257)
... Removed 29 stack frames]]>
    </failure>
  </testcase> <!-- @BeforeClass Startup -->
  <testcase name="@AfterClass QuitBrowser" time="-1.639034877365E9" classname="com.PG.objectRepository.BaseClass">
    <skipped/>
  </testcase> <!-- @AfterClass QuitBrowser -->
  <testcase name="LoggingIn" time="0.0" classname="com.PG.Tests.ApplyingCAFWithDifferentBoards">
    <skipped/>
  </testcase> <!-- LoggingIn -->
  <testcase name="SubmissionCAFWithOdishaBoard" time="0.0" classname="com.PG.Tests.ApplyingCAFWithDifferentBoards">
    <skipped/>
  </testcase> <!-- SubmissionCAFWithOdishaBoard -->
  <testcase name="SubmissionCAFWithNonOdishaBoard" time="0.0" classname="com.PG.Tests.ApplyingCAFWithDifferentBoards">
    <skipped/>
  </testcase> <!-- SubmissionCAFWithNonOdishaBoard -->
  <testcase name="LoggingIn" time="0.0" classname="com.PG.Tests.ApplyingCAFWithDiffernetExamType">
    <skipped/>
  </testcase> <!-- LoggingIn -->
  <testcase name="SubmittingCAFwithAnnualExam" time="0.0" classname="com.PG.Tests.ApplyingCAFWithDiffernetExamType">
    <skipped/>
  </testcase> <!-- SubmittingCAFwithAnnualExam -->
  <testcase name="SubmittingCAFwithSupplementaryExam" time="0.0" classname="com.PG.Tests.ApplyingCAFWithDiffernetExamType">
    <skipped/>
  </testcase> <!-- SubmittingCAFwithSupplementaryExam -->
</testsuite> <!-- ScenarioTesting -->
